[2026-05-31 11:10:51] DataForSEO: connected. balance=None
[2026-05-31 11:11:14] DataForSEO: fetching ideas for 14 seeds (min_vol=30)
[2026-05-31 11:11:30] DataForSEO: added 98 queue items (17 landing, 81 blog). Queue now 152.
[2026-05-31 11:13:16] DataForSEO: fetching ideas for 14 seeds (min_vol=30)
[2026-05-31 11:13:27] DataForSEO: added 14 queue items (14 landing, 0 blog). Queue now 68.
[2026-05-31 11:14:39] DataForSEO: fetching ideas for 82 seeds (min_vol=30)
[2026-05-31 11:15:40] DataForSEO: added 5 queue items (5 landing, 0 blog). Queue now 73.
[2026-05-31 11:17:14] DataForSEO: looking up volume for 204 geo keyword candidates (min_vol=30)
[2026-05-31 11:17:18] DataForSEO: expanding ideas from 14 base seeds
[2026-05-31 11:17:29] DataForSEO: added 174 queue items (174 landing, 0 blog). Queue now 247.
[2026-06-19 19:17:23] DataForSEO: connected. balance=None
[2026-06-19 19:18:45] DataForSEO: looking up volume for 204 geo keyword candidates (min_vol=30)
[2026-06-19 19:18:46]   volume chunk: HTTP 402 {
    "version": "0.1.20260610",
    "status_code": 20000,
    "status_message": "Ok.",
    "time": "0 sec.",
    "cost"
[2026-06-19 19:18:46] DataForSEO: expanding ideas from 14 base seeds
[2026-06-19 19:18:46]   seed 'boat rental': HTTP 402 {
    "version": "0.1.20260610",
    "status_code": 20000,
    "status_message": "Ok.",
    "time": "0 sec.",
    "cost"
[2026-06-19 19:18:47]   seed 'yacht charter': HTTP 402 {
    "version": "0.1.20260610",
    "status_code": 20000,
    "status_message": "Ok.",
    "time": "0 sec.",
    "cost"
[2026-06-19 19:18:47]   seed 'boat hire': HTTP 402 {
    "version": "0.1.20260610",
    "status_code": 20000,
    "status_message": "Ok.",
    "time": "0 sec.",
    "cost"
[2026-06-19 19:18:48]   seed 'catamaran charter': HTTP 402 {
    "version": "0.1.20260610",
    "status_code": 20000,
    "status_message": "Ok.",
    "time": "0 sec.",
    "cost"
[2026-06-19 19:18:48]   seed 'yacht rental': HTTP 402 {
    "version": "0.1.20260610",
    "status_code": 20000,
    "status_message": "Ok.",
    "time": "0 sec.",
    "cost"
[2026-06-19 19:18:49]   seed 'sailboat rental': HTTP 402 {
    "version": "0.1.20260610",
    "status_code": 20000,
    "status_message": "Ok.",
    "time": "0 sec.",
    "cost"
[2026-06-19 19:18:49]   seed 'speedboat hire': HTTP 402 {
    "version": "0.1.20260610",
    "status_code": 20000,
    "status_message": "Ok.",
    "time": "0 sec.",
    "cost"
[2026-06-19 19:18:50]   seed 'boat rental near me': HTTP 402 {
    "version": "0.1.20260610",
    "status_code": 20000,
    "status_message": "Ok.",
    "time": "0 sec.",
    "cost"
[2026-06-19 19:18:50]   seed 'luxury yacht charter': HTTP 402 {
    "version": "0.1.20260610",
    "status_code": 20000,
    "status_message": "Ok.",
    "time": "0 sec.",
    "cost"
[2026-06-19 19:18:51]   seed 'fishing charter': HTTP 402 {
    "version": "0.1.20260610",
    "status_code": 20000,
    "status_message": "Ok.",
    "time": "0 sec.",
    "cost"
[2026-06-19 19:18:51]   seed 'party boat rental': HTTP 402 {
    "version": "0.1.20260610",
    "status_code": 20000,
    "status_message": "Ok.",
    "time": "0 sec.",
    "cost"
[2026-06-19 19:18:52]   seed 'pontoon boat rental': HTTP 402 {
    "version": "0.1.20260610",
    "status_code": 20000,
    "status_message": "Ok.",
    "time": "0 sec.",
    "cost"
[2026-06-19 19:18:52]   seed 'jet ski rental': HTTP 402 {
    "version": "0.1.20260610",
    "status_code": 20000,
    "status_message": "Ok.",
    "time": "0 sec.",
    "cost"
[2026-06-19 19:18:53]   seed 'sunset boat trip': HTTP 402 {"version":"0.1.20260610","status_code":20000,"status_message":"Ok.","time":"0 sec.","cost":0,"tasks_count":1,"tasks_err
[2026-06-19 19:18:53] DataForSEO: added 0 queue items (0 landing, 0 blog). Queue now 58.
