[2026-05-29 10:37:02] WP: connection OK (200) — WordPress.com
[2026-05-29 10:38:14] WP: publishing 39 post(s) + 38 page(s) to boathire24guides.wordpress.com
[2026-05-29 10:38:18]   ✓ post https://boathire24guides.wordpress.com/2026/05/29/best-time-to-charter-boat-marbella/
[2026-05-29 10:38:24]   ✓ post https://boathire24guides.wordpress.com/2026/05/29/marbella-vs-puerto-banus-charter/
[2026-05-29 10:38:29]   ✓ post https://boathire24guides.wordpress.com/2026/05/29/how-much-does-yacht-charter-marbella-cost/
[2026-05-29 10:38:35]   ✓ post https://boathire24guides.wordpress.com/2026/05/29/dolphin-watching-boat-trips-marbella/
[2026-05-29 10:38:40]   ✓ post https://boathire24guides.wordpress.com/2026/05/29/what-to-pack-boat-day-costa-del-sol/
[2026-05-29 10:38:46]   ✓ post https://boathire24guides.wordpress.com/2026/05/29/catamaran-vs-motor-yacht-marbella/
[2026-05-29 10:38:52]   ✓ post https://boathire24guides.wordpress.com/2026/05/29/best-anchorages-near-marbella/
[2026-05-29 10:38:57]   ✓ post https://boathire24guides.wordpress.com/2026/05/29/do-you-need-licence-to-rent-boat-spain/
[2026-05-29 10:39:03]   ✓ post https://boathire24guides.wordpress.com/2026/05/29/stag-hen-boat-party-ideas-marbella/
[2026-05-29 10:39:09]   ✓ post https://boathire24guides.wordpress.com/2026/05/29/family-boat-day-marbella-guide/
[2026-05-29 10:39:14]   ✓ post https://boathire24guides.wordpress.com/2026/05/29/dolphin-watching-puerto-banus/
[2026-05-29 10:39:20]   ✓ post https://boathire24guides.wordpress.com/2026/05/29/sunset-catamaran-marbella/
[2026-05-29 10:39:26]   ✓ post https://boathire24guides.wordpress.com/2026/05/29/snorkeling-spots-costa-del-sol/
[2026-05-29 10:39:31]   ✓ post https://boathire24guides.wordpress.com/2026/05/29/fishing-charter-puerto-banus/
[2026-05-29 10:39:37]   ✓ post https://boathire24guides.wordpress.com/2026/05/29/hen-party-boat-marbella/
[2026-05-29 10:39:42]   ✓ post https://boathire24guides.wordpress.com/2026/05/29/starlite-festival-boat-trips/
[2026-05-29 10:39:48]   ✓ post https://boathire24guides.wordpress.com/2026/05/29/family-boat-day-estepona/
[2026-05-29 10:39:53]   ✓ post https://boathire24guides.wordpress.com/2026/05/29/marbella-feria-boat-parties/
[2026-05-29 10:39:58]   ✓ post https://boathire24guides.wordpress.com/2026/05/29/dolphin-watching-marbella-boat/
[2026-05-29 10:40:04]   ✓ post https://boathire24guides.wordpress.com/2026/05/29/snorkel-boat-trip-marbella/
[2026-05-29 10:40:09]   ✓ post https://boathire24guides.wordpress.com/2026/05/29/stag-party-boat-marbella/
[2026-05-29 10:40:14]   ✓ post https://boathire24guides.wordpress.com/2026/05/29/photoshoot-boat-marbella/
[2026-05-29 10:40:20]   ✓ post https://boathire24guides.wordpress.com/2026/05/29/new-years-eve-boat-marbella/
[2026-05-29 10:40:25]   ✓ post https://boathire24guides.wordpress.com/2026/05/29/marbella-dolphin-watching-seasons/
[2026-05-29 10:40:30]   ✓ post https://boathire24guides.wordpress.com/2026/05/29/fishing-trip-marbella/
[2026-05-29 10:40:35]   ✓ post https://boathire24guides.wordpress.com/2026/05/29/sunset-boat-party-marbella/
[2026-05-29 10:40:41]   ✓ post https://boathire24guides.wordpress.com/2026/05/29/family-boat-trip-costa-del-sol/
[2026-05-29 10:40:47]   ✓ post https://boathire24guides.wordpress.com/2026/05/29/snorkeling-coves-marbella/
[2026-05-29 10:40:52]   ✓ post https://boathire24guides.wordpress.com/2026/05/29/hen-do-boat-marbella/
[2026-05-29 10:40:58]   ✓ post https://boathire24guides.wordpress.com/2026/05/29/marbella-summer-boat-tips/
[2026-05-29 10:41:04]   ✓ post https://boathire24guides.wordpress.com/2026/05/29/dolphin-sightings-costa-del-sol/
[2026-05-29 10:41:09]   ✓ post https://boathire24guides.wordpress.com/2026/05/29/fishing-charter-costa-del-sol/
[2026-05-29 10:41:14]   ✓ post https://boathire24guides.wordpress.com/2026/05/29/starlite-concert-boat-transfer/
[2026-05-29 10:41:20]   ✓ post https://boathire24guides.wordpress.com/2026/05/29/marbella-new-years-eve-yacht/
[2026-05-29 10:41:25]   ✓ post https://boathire24guides.wordpress.com/2026/05/29/photoshoot-yacht-marbella/
[2026-05-29 10:41:31]   ✓ post https://boathire24guides.wordpress.com/2026/05/29/snorkel-gear-boat-marbella/
[2026-05-29 10:41:36]   ✓ post https://boathire24guides.wordpress.com/2026/05/29/family-snorkeling-marbella/
[2026-05-29 10:41:42]   ✓ post https://boathire24guides.wordpress.com/2026/05/29/marbella-feria-boat-rental/
[2026-05-29 10:41:47]   ✓ post https://boathire24guides.wordpress.com/2026/05/29/fishing-season-costa-del-sol/
[2026-05-29 10:41:50]   ✓ page https://boathire24guides.wordpress.com/yacht-charter-puerto-banus/
[2026-05-29 10:41:54]   ✓ page https://boathire24guides.wordpress.com/boat-rental-marbella/
[2026-05-29 10:41:57]   ✓ page https://boathire24guides.wordpress.com/catamaran-charter-marbella/
[2026-05-29 10:42:00]   ✓ page https://boathire24guides.wordpress.com/sunset-boat-trip-marbella/
[2026-05-29 10:42:03]   ✓ page https://boathire24guides.wordpress.com/luxury-yacht-rental-marbella/
[2026-05-29 10:42:07]   ✓ page https://boathire24guides.wordpress.com/fishing-charter-marbella/
[2026-05-29 10:42:10]   ✓ page https://boathire24guides.wordpress.com/licence-free-boat-hire-marbella/
[2026-05-29 10:42:13]   ✓ page https://boathire24guides.wordpress.com/private-boat-party-marbella/
[2026-05-29 10:42:16]   ✓ page https://boathire24guides.wordpress.com/boat-hire-estepona/
[2026-05-29 10:42:20]   ✓ page https://boathire24guides.wordpress.com/speedboat-hire-puerto-banus/
[2026-05-29 10:42:23]   ✓ page https://boathire24guides.wordpress.com/yacht-rental-puerto-banus/
[2026-05-29 10:42:26]   ✓ page https://boathire24guides.wordpress.com/boat-hire-fuengirola/
[2026-05-29 10:42:29]   ✓ page https://boathire24guides.wordpress.com/luxury-yacht-charter-marbella/
[2026-05-29 10:42:33]   ✓ page https://boathire24guides.wordpress.com/speedboat-hire-marbella/
[2026-05-29 10:42:36]   ✓ page https://boathire24guides.wordpress.com/catamaran-rental-puerto-banus/
[2026-05-29 10:42:39]   ✓ page https://boathire24guides.wordpress.com/boat-rental-marbella-port/
[2026-05-29 10:42:42]   ✓ page https://boathire24guides.wordpress.com/private-yacht-charter-marbella/
[2026-05-29 10:42:45]   ✓ page https://boathire24guides.wordpress.com/boat-hire-benalmadena/
[2026-05-29 10:42:49]   ✓ page https://boathire24guides.wordpress.com/yacht-charter-marbella-prices/
[2026-05-29 10:42:52]   ✓ page https://boathire24guides.wordpress.com/motor-yacht-rental-puerto-banus/
[2026-05-29 10:42:55]   ✓ page https://boathire24guides.wordpress.com/catamaran-charter-puerto-banus/
[2026-05-29 10:42:58]   ✓ page https://boathire24guides.wordpress.com/boat-rental-estepona-port/
[2026-05-29 10:43:02]   ✓ page https://boathire24guides.wordpress.com/luxury-catamaran-rental-marbella/
[2026-05-29 10:43:05]   ✓ page https://boathire24guides.wordpress.com/speedboat-rental-puerto-banus/
[2026-05-29 10:43:08]   ✓ page https://boathire24guides.wordpress.com/private-boat-charter-marbella/
[2026-05-29 10:43:11]   ✓ page https://boathire24guides.wordpress.com/yacht-hire-puerto-banus/
[2026-05-29 10:43:14]   ✓ page https://boathire24guides.wordpress.com/boat-rental-benalmadena-marina/
[2026-05-29 10:43:18]   ✓ page https://boathire24guides.wordpress.com/motor-yacht-charter-marbella/
[2026-05-29 10:43:21]   ✓ page https://boathire24guides.wordpress.com/catamaran-hire-puerto-banus/
[2026-05-29 10:43:25]   ✓ page https://boathire24guides.wordpress.com/luxury-yacht-rental-puerto-banus/
[2026-05-29 10:43:28]   ✓ page https://boathire24guides.wordpress.com/speedboat-hire-estepona/
[2026-05-29 10:43:31]   ✓ page https://boathire24guides.wordpress.com/private-yacht-rental-marbella/
[2026-05-29 10:43:34]   ✓ page https://boathire24guides.wordpress.com/boat-hire-marbella-port/
[2026-05-29 10:43:37]   ✓ page https://boathire24guides.wordpress.com/catamaran-rental-marbella/
[2026-05-29 10:43:41]   ✓ page https://boathire24guides.wordpress.com/yacht-charter-estepona/
[2026-05-29 10:43:44]   ✓ page https://boathire24guides.wordpress.com/boat-rental-fuengirola-port/
[2026-05-29 10:43:47]   ✓ page https://boathire24guides.wordpress.com/luxury-catamaran-puerto-banus/
[2026-05-29 10:43:50]   ✓ page https://boathire24guides.wordpress.com/speedboat-rental-estepona/
[2026-05-29 10:43:51] WP: 77/77 published
[2026-05-29 10:47:52]   ✓ seo posts/best-time-to-charter-boat-marbella (img=y)
[2026-05-29 10:47:58]   ✓ seo posts/marbella-vs-puerto-banus-charter (img=y)
[2026-05-29 10:48:05]   ✓ seo posts/how-much-does-yacht-charter-marbella-cost (img=y)
[2026-05-29 10:48:12]   ✓ seo posts/dolphin-watching-boat-trips-marbella (img=y)
[2026-05-29 10:48:18]   ✓ seo posts/what-to-pack-boat-day-costa-del-sol (img=y)
[2026-05-29 10:48:25]   ✓ seo posts/catamaran-vs-motor-yacht-marbella (img=y)
[2026-05-29 10:48:32]   ✓ seo posts/best-anchorages-near-marbella (img=y)
[2026-05-29 10:48:39]   ✓ seo posts/do-you-need-licence-to-rent-boat-spain (img=y)
[2026-05-29 10:48:46]   ✓ seo posts/stag-hen-boat-party-ideas-marbella (img=y)
[2026-05-29 10:48:53]   ✓ seo posts/family-boat-day-marbella-guide (img=y)
[2026-05-29 10:48:57]   ✓ seo posts/dolphin-watching-puerto-banus (img=y)
[2026-05-29 10:49:04]   ✓ seo posts/sunset-catamaran-marbella (img=y)
[2026-05-29 10:49:11]   ✓ seo posts/snorkeling-spots-costa-del-sol (img=y)
[2026-05-29 10:49:17]   ✓ seo posts/fishing-charter-puerto-banus (img=y)
[2026-05-29 10:49:21]   ✓ seo posts/hen-party-boat-marbella (img=y)
[2026-05-29 10:49:25]   ✓ seo posts/starlite-festival-boat-trips (img=y)
[2026-05-29 10:49:32]   ✓ seo posts/family-boat-day-estepona (img=y)
[2026-05-29 10:49:36]   ✓ seo posts/marbella-feria-boat-parties (img=y)
[2026-05-29 10:49:40]   ✓ seo posts/dolphin-watching-marbella-boat (img=y)
[2026-05-29 10:49:46]   ✓ seo posts/snorkel-boat-trip-marbella (img=y)
[2026-05-29 10:49:53]   ✓ seo posts/stag-party-boat-marbella (img=y)
[2026-05-29 10:50:00]   ✓ seo posts/photoshoot-boat-marbella (img=y)
[2026-05-29 10:50:04]   ✓ seo posts/new-years-eve-boat-marbella (img=y)
[2026-05-29 10:50:08]   ✓ seo posts/marbella-dolphin-watching-seasons (img=y)
[2026-05-29 10:50:15]   ✓ seo posts/fishing-trip-marbella (img=y)
[2026-05-29 10:50:22]   ✓ seo posts/sunset-boat-party-marbella (img=y)
[2026-05-29 10:50:26]   ✓ seo posts/family-boat-trip-costa-del-sol (img=y)
[2026-05-29 10:50:32]   ✓ seo posts/snorkeling-coves-marbella (img=y)
[2026-05-29 10:50:37]   ✓ seo posts/hen-do-boat-marbella (img=y)
[2026-05-29 10:50:41]   ✓ seo posts/marbella-summer-boat-tips (img=y)
[2026-05-29 10:50:48]   ✓ seo posts/dolphin-sightings-costa-del-sol (img=y)
[2026-05-29 10:50:52]   ✓ seo posts/fishing-charter-costa-del-sol (img=y)
[2026-05-29 10:50:56]   ✓ seo posts/starlite-concert-boat-transfer (img=y)
[2026-05-29 10:51:00]   ✓ seo posts/marbella-new-years-eve-yacht (img=y)
[2026-05-29 10:51:05]   ✓ seo posts/photoshoot-yacht-marbella (img=y)
[2026-05-29 10:51:12]   ✓ seo posts/snorkel-gear-boat-marbella (img=y)
[2026-05-29 10:51:16]   ✓ seo posts/family-snorkeling-marbella (img=y)
[2026-05-29 10:51:20]   ✓ seo posts/marbella-feria-boat-rental (img=y)
[2026-05-29 10:51:27]   ✓ seo posts/fishing-season-costa-del-sol (img=y)
[2026-05-29 10:51:33]   ✓ seo pages/yacht-charter-puerto-banus (img=y)
[2026-05-29 10:51:40]   ✓ seo pages/boat-rental-marbella (img=y)
[2026-05-29 10:51:46]   ✓ seo pages/catamaran-charter-marbella (img=y)
[2026-05-29 10:51:50]   ✓ seo pages/sunset-boat-trip-marbella (img=y)
[2026-05-29 10:51:56]   ✓ seo pages/luxury-yacht-rental-marbella (img=y)
[2026-05-29 10:52:00]   ✓ seo pages/fishing-charter-marbella (img=y)
[2026-05-29 10:52:06]   ✓ seo pages/licence-free-boat-hire-marbella (img=y)
[2026-05-29 10:52:12]   ✓ seo pages/private-boat-party-marbella (img=y)
[2026-05-29 10:52:19]   ✓ seo pages/boat-hire-estepona (img=y)
[2026-05-29 10:52:25]   ✓ seo pages/speedboat-hire-puerto-banus (img=y)
[2026-05-29 10:52:32]   ✓ seo pages/yacht-rental-puerto-banus (img=y)
[2026-05-29 10:52:36]   ✓ seo pages/boat-hire-fuengirola (img=y)
[2026-05-29 10:52:43]   ✓ seo pages/luxury-yacht-charter-marbella (img=y)
[2026-05-29 10:52:49]   ✓ seo pages/speedboat-hire-marbella (img=y)
[2026-05-29 10:52:56]   ✓ seo pages/catamaran-rental-puerto-banus (img=y)
[2026-05-29 10:52:58]   (media upload failed: HTTP Error 424: Failed Dependency)
[2026-05-29 10:52:59]   ✓ seo pages/boat-rental-marbella-port (img=n)
[2026-05-29 10:53:07]   ✓ seo pages/private-yacht-charter-marbella (img=y)
[2026-05-29 10:53:14]   ✓ seo pages/boat-hire-benalmadena (img=y)
[2026-05-29 10:53:20]   ✓ seo pages/yacht-charter-marbella-prices (img=y)
[2026-05-29 10:53:26]   ✓ seo pages/motor-yacht-rental-puerto-banus (img=y)
[2026-05-29 10:53:33]   ✓ seo pages/catamaran-charter-puerto-banus (img=y)
[2026-05-29 10:53:35]   (media upload failed: HTTP Error 424: Failed Dependency)
[2026-05-29 10:53:37]   ✓ seo pages/boat-rental-estepona-port (img=n)
[2026-05-29 10:53:43]   ✓ seo pages/luxury-catamaran-rental-marbella (img=y)
[2026-05-29 10:53:50]   ✓ seo pages/speedboat-rental-puerto-banus (img=y)
[2026-05-29 10:53:54]   ✓ seo pages/private-boat-charter-marbella (img=y)
[2026-05-29 10:53:55]   (media upload failed: HTTP Error 424: Failed Dependency)
[2026-05-29 10:53:57]   ✓ seo pages/yacht-hire-puerto-banus (img=n)
[2026-05-29 10:54:01]   ✓ seo pages/boat-rental-benalmadena-marina (img=y)
[2026-05-29 10:54:07]   ✓ seo pages/motor-yacht-charter-marbella (img=y)
[2026-05-29 10:54:14]   ✓ seo pages/catamaran-hire-puerto-banus (img=y)
[2026-05-29 10:54:20]   ✓ seo pages/luxury-yacht-rental-puerto-banus (img=y)
[2026-05-29 10:54:27]   ✓ seo pages/speedboat-hire-estepona (img=y)
[2026-05-29 10:54:33]   ✓ seo pages/private-yacht-rental-marbella (img=y)
[2026-05-29 10:54:37]   ✓ seo pages/boat-hire-marbella-port (img=y)
[2026-05-29 10:54:41]   ✓ seo pages/catamaran-rental-marbella (img=y)
[2026-05-29 10:54:45]   ✓ seo pages/yacht-charter-estepona (img=y)
[2026-05-29 10:54:48]   ✓ seo pages/boat-rental-fuengirola-port (img=y)
[2026-05-29 10:54:55]   ✓ seo pages/luxury-catamaran-puerto-banus (img=y)
[2026-05-29 10:54:59]   ✓ seo pages/speedboat-rental-estepona (img=y)
[2026-05-29 10:55:00] WP SEO backfill: updated 77 item(s)
